2022/01/25 15:28:18 Starting application
2022/01/25 15:28:18 Error on new records checking .. Error 1054: Unknown column 'email' in 'field list'
2022/01/25 15:30:12 Starting application
2022/01/25 15:30:12 Error writting new records to queued sms struct
2022/01/25 15:30:14 Error writting new records to queued sms struct
2022/01/25 15:30:16 Error writting new records to queued sms struct
2022/01/25 15:30:18 Error writting new records to queued sms struct
2022/01/25 15:30:20 Error writting new records to queued sms struct
2022/01/25 15:30:22 Error writting new records to queued sms struct
2022/01/25 15:30:24 Error writting new records to queued sms struct
2022/01/25 15:30:26 Error writting new records to queued sms struct
2022/01/25 15:35:54 Starting application
2022/01/25 15:35:54 Error writting new records to queued sms struct sql: expected 3 destination arguments in Scan, not 4
2022/01/25 15:35:56 Error writting new records to queued sms struct sql: expected 3 destination arguments in Scan, not 4
2022/01/25 15:35:58 Error writting new records to queued sms struct sql: expected 3 destination arguments in Scan, not 4
2022/01/25 15:36:00 Error writting new records to queued sms struct sql: expected 3 destination arguments in Scan, not 4
2022/01/25 15:36:02 Error writting new records to queued sms struct sql: expected 3 destination arguments in Scan, not 4
2022/01/25 15:36:04 Error writting new records to queued sms struct sql: expected 3 destination arguments in Scan, not 4
2022/01/25 15:37:59 Starting application
2022/01/25 15:37:59 Error writting new records to queued sms struct sql: expected 3 destination arguments in Scan, not 4
2022/01/25 15:38:01 Error writting new records to queued sms struct sql: expected 3 destination arguments in Scan, not 4
2022/01/25 15:38:50 Starting application
2022/01/25 15:38:50 Error writting new records to queued sms struct sql: expected 3 destination arguments in Scan, not 4
2022/01/25 15:38:52 Error writting new records to queued sms struct sql: expected 3 destination arguments in Scan, not 4
2022/01/25 15:38:54 Error writting new records to queued sms struct sql: expected 3 destination arguments in Scan, not 4
2022/01/25 15:39:05 Starting application
2022/01/25 15:39:05 Error writting new records to queued sms struct sql: expected 3 destination arguments in Scan, not 4
2022/01/25 15:39:07 Error writting new records to queued sms struct sql: expected 3 destination arguments in Scan, not 4
2022/01/25 15:39:09 Error writting new records to queued sms struct sql: expected 3 destination arguments in Scan, not 4
2022/01/25 15:39:11 Error writting new records to queued sms struct sql: expected 3 destination arguments in Scan, not 4
2022/01/25 15:39:13 Error writting new records to queued sms struct sql: expected 3 destination arguments in Scan, not 4
2022/01/25 15:39:15 Error writting new records to queued sms struct sql: expected 3 destination arguments in Scan, not 4
2022/01/25 15:39:34 Starting application
2022/01/25 15:39:34 Status change for id  1
2022/01/25 15:39:36 Status change for id  1
2022/01/25 15:41:25 Starting application
2022/01/25 15:41:25 Status change for id  1
2022/01/25 15:41:27 Status change for id  1
2022/01/25 15:41:30 Status change for id  1
2022/01/25 15:41:32 Status change for id  1
2022/01/25 15:42:56 Starting application
2022/01/25 15:44:21 Starting application
2022/01/25 15:44:43 Status change for id  1
2022/01/25 15:58:45 Starting application
2022/01/25 15:59:01 Status change for id  1
2022/01/25 15:59:01 Sending sms to anik4good@gmail.com
2022/01/25 15:59:41 Starting application
2022/01/25 15:59:41 Status change for id  1
2022/01/25 15:59:41 Sending sms to anik4good@gmail.com
2022/01/25 16:05:56 Starting application
2022/01/25 16:06:10 Status change for id  1
2022/01/25 16:06:10 Sending sms to anik4good@gmail.com
2022/01/25 16:08:31 Starting application
2022/01/25 16:08:41 Status change for id  1
2022/01/25 16:08:41 Sending sms to anik4good@gmail.com
2022/01/25 16:23:41 Starting application
2022/01/25 16:23:49 Status change for id  1
2022/01/25 16:23:49 Sending sms to anik4good@gmail.com
2022/01/25 16:29:50 Starting application
2022/01/25 16:30:12 Status change for id  1
2022/01/25 16:30:12 Sending sms to anik4good@gmail.com
2022/01/25 16:30:12 Status change for id  2
2022/01/25 16:30:12 Sending sms to anik@elitbuzz-bd.com
2022/01/25 16:49:50 Starting application
2022/01/25 16:52:15 Starting application
2022/01/25 16:52:15 Status change for id  1
2022/01/25 16:52:15 Sending sms to anik4good@gmail.com
2022/01/25 16:54:04 Starting application
2022/01/25 16:54:40 Starting application
2022/01/25 16:54:40 Status change for id  9
2022/01/25 16:54:40 Status change for id  10
2022/01/25 16:54:40 Status change for id  11
2022/01/25 16:54:40 Status change for id  12
2022/01/25 16:54:40 Status change for id  13
2022/01/25 16:54:40 Status change for id  14
2022/01/25 16:54:42 Status change for id  15
2022/01/25 16:54:42 Status change for id  16
2022/01/25 16:54:42 Status change for id  17
2022/01/25 16:54:44 Status change for id  18
2022/01/25 16:54:44 Status change for id  19
2022/01/25 16:54:44 Status change for id  20
2022/01/25 16:54:46 Status change for id  21
2022/01/25 16:54:46 Status change for id  22
2022/01/25 16:54:46 Status change for id  23
2022/01/25 16:54:48 Status change for id  24
2022/01/25 16:54:48 Status change for id  25
2022/01/25 16:54:48 Status change for id  26
2022/01/25 16:54:50 Status change for id  27
2022/01/25 16:54:50 Status change for id  28
2022/01/25 16:54:50 Status change for id  29
2022/01/25 16:54:52 Status change for id  30
2022/01/25 16:54:52 Status change for id  31
2022/01/25 16:54:52 Status change for id  32
2022/01/25 16:54:54 Status change for id  33
2022/01/25 16:54:54 Status change for id  34
2022/01/25 16:54:54 Status change for id  35
2022/01/25 16:54:56 Status change for id  36
2022/01/25 16:54:56 Status change for id  37
2022/01/25 16:54:56 Status change for id  38
2022/01/25 16:54:58 Status change for id  39
2022/01/25 16:54:58 Status change for id  40
2022/01/25 16:54:58 Status change for id  41
2022/01/25 16:55:00 Status change for id  42
2022/01/25 16:55:00 Status change for id  43
2022/01/25 16:55:00 Status change for id  44
2022/01/25 16:55:02 Status change for id  45
2022/01/25 16:55:02 Status change for id  46
2022/01/25 16:55:02 Status change for id  47
2022/01/25 16:55:04 Status change for id  48
2022/01/25 16:55:04 Status change for id  49
2022/01/25 16:55:04 Status change for id  50
2022/01/25 16:55:06 Status change for id  51
2022/01/25 16:55:06 Status change for id  52
2022/01/25 16:55:06 Status change for id  53
2022/01/25 16:55:08 Status change for id  54
2022/01/25 16:55:08 Status change for id  55
2022/01/25 16:55:08 Status change for id  56
2022/01/25 16:55:10 Status change for id  57
2022/01/25 16:55:10 Status change for id  58
2022/01/25 16:55:10 Status change for id  59
2022/01/25 16:55:12 Status change for id  60
2022/01/25 16:55:12 Status change for id  61
2022/01/25 16:55:12 Status change for id  62
2022/01/25 16:55:14 Status change for id  63
2022/01/25 16:55:14 Status change for id  64
2022/01/25 16:55:14 Status change for id  65
2022/01/25 16:55:16 Status change for id  66
2022/01/25 16:55:16 Status change for id  67
2022/01/25 16:55:16 Status change for id  68
2022/01/25 16:55:18 Status change for id  69
2022/01/25 16:55:18 Status change for id  70
2022/01/25 16:55:18 Status change for id  71
2022/01/25 16:55:20 Status change for id  72
2022/01/25 16:55:21 Status change for id  73
2022/01/25 16:55:21 Status change for id  74
2022/01/25 16:55:23 Status change for id  75
2022/01/25 16:55:23 Status change for id  76
2022/01/25 16:55:23 Status change for id  77
2022/01/25 16:55:25 Status change for id  78
2022/01/25 16:55:25 Status change for id  79
2022/01/25 16:55:25 Status change for id  80
2022/01/25 16:55:27 Status change for id  81
2022/01/25 16:55:27 Status change for id  82
2022/01/25 16:55:27 Status change for id  83
2022/01/25 16:55:29 Status change for id  84
2022/01/25 16:55:29 Status change for id  85
2022/01/25 16:55:29 Status change for id  86
2022/01/25 16:55:31 Status change for id  87
2022/01/25 16:55:31 Status change for id  88
2022/01/25 16:55:31 Status change for id  89
2022/01/25 16:55:33 Status change for id  90
2022/01/25 16:55:33 Status change for id  91
2022/01/25 16:55:33 Status change for id  92
2022/01/25 16:55:35 Status change for id  93
2022/01/25 16:55:35 Status change for id  94
2022/01/25 16:55:35 Status change for id  95
2022/01/25 16:55:37 Status change for id  96
2022/01/25 16:55:37 Status change for id  97
2022/01/25 16:55:37 Status change for id  98
2022/01/25 16:55:39 Status change for id  99
2022/01/25 16:55:39 Status change for id  100
2022/01/25 16:55:39 Status change for id  101
2022/01/25 16:55:41 Status change for id  102
2022/01/25 16:55:41 Status change for id  103
2022/01/25 16:55:41 Status change for id  104
2022/01/25 16:56:59 Starting application
2022/01/25 16:56:59 Status change for id  1
2022/01/25 16:56:59 Status change for id  2
2022/01/25 16:56:59 Status change for id  3
2022/01/25 16:56:59 Status change for id  4
2022/01/25 16:56:59 Status change for id  5
2022/01/25 16:56:59 Status change for id  6
2022/01/25 16:56:59 Status change for id  7
2022/01/25 16:56:59 Status change for id  8
2022/01/25 16:56:59 Status change for id  9
2022/01/25 16:56:59 Status change for id  10
2022/01/25 16:57:01 Status change for id  11
2022/01/25 16:57:01 Status change for id  12
2022/01/25 16:57:01 Status change for id  13
2022/01/25 16:57:01 Status change for id  14
2022/01/25 16:57:01 Status change for id  15
2022/01/25 16:57:01 Status change for id  16
2022/01/25 16:57:01 Status change for id  17
2022/01/25 16:57:01 Status change for id  18
2022/01/25 16:57:01 Status change for id  19
2022/01/25 16:57:01 Status change for id  20
2022/01/25 16:57:03 Status change for id  21
2022/01/25 16:57:03 Status change for id  22
2022/01/25 16:57:03 Status change for id  23
2022/01/25 16:57:03 Status change for id  24
2022/01/25 16:57:03 Status change for id  25
2022/01/25 16:57:03 Status change for id  26
2022/01/25 16:57:03 Status change for id  27
2022/01/25 16:57:03 Status change for id  28
2022/01/25 16:57:03 Status change for id  29
2022/01/25 16:57:03 Status change for id  30
2022/01/25 16:57:05 Status change for id  31
2022/01/25 16:57:05 Status change for id  32
2022/01/25 16:57:05 Status change for id  33
2022/01/25 16:57:05 Status change for id  34
2022/01/25 16:57:05 Status change for id  35
2022/01/25 16:57:05 Status change for id  36
2022/01/25 16:57:05 Status change for id  37
2022/01/25 16:57:05 Status change for id  38
2022/01/25 16:57:05 Status change for id  39
2022/01/25 16:57:05 Status change for id  40
2022/01/25 16:57:07 Status change for id  41
2022/01/25 16:57:07 Status change for id  42
2022/01/25 16:57:07 Status change for id  43
2022/01/25 16:57:07 Status change for id  44
2022/01/25 16:57:07 Status change for id  45
2022/01/25 16:57:07 Status change for id  46
2022/01/25 16:57:07 Status change for id  47
2022/01/25 16:57:07 Status change for id  48
2022/01/25 16:57:07 Status change for id  49
2022/01/25 16:57:07 Status change for id  50
2022/01/25 16:57:09 Status change for id  51
2022/01/25 16:57:09 Status change for id  52
2022/01/25 16:57:09 Status change for id  53
2022/01/25 16:57:09 Status change for id  54
2022/01/25 16:57:09 Status change for id  55
2022/01/25 16:57:09 Status change for id  56
2022/01/25 16:57:09 Status change for id  57
2022/01/25 16:57:09 Status change for id  58
2022/01/25 16:57:09 Status change for id  59
2022/01/25 16:57:09 Status change for id  60
2022/01/25 16:57:11 Status change for id  61
2022/01/25 16:57:11 Status change for id  62
2022/01/25 16:57:11 Status change for id  63
2022/01/25 16:57:11 Status change for id  64
2022/01/25 16:57:11 Status change for id  65
2022/01/25 16:57:11 Status change for id  66
2022/01/25 16:57:11 Status change for id  67
2022/01/25 16:57:11 Status change for id  68
2022/01/25 16:57:11 Status change for id  69
2022/01/25 16:57:11 Status change for id  70
2022/01/25 16:57:13 Status change for id  71
2022/01/25 16:57:13 Status change for id  72
2022/01/25 16:57:13 Status change for id  73
2022/01/25 16:57:13 Status change for id  74
2022/01/25 16:57:13 Status change for id  75
2022/01/25 16:57:13 Status change for id  76
2022/01/25 16:57:13 Status change for id  77
2022/01/25 16:57:13 Status change for id  78
2022/01/25 16:57:13 Status change for id  79
2022/01/25 16:57:13 Status change for id  80
2022/01/25 16:57:15 Status change for id  81
2022/01/25 16:57:15 Status change for id  82
2022/01/25 16:57:15 Status change for id  83
2022/01/25 16:57:15 Status change for id  84
2022/01/25 16:57:15 Status change for id  85
2022/01/25 16:57:15 Status change for id  86
2022/01/25 16:57:15 Status change for id  87
2022/01/25 16:57:15 Status change for id  88
2022/01/25 16:57:15 Status change for id  89
2022/01/25 16:57:15 Status change for id  90
2022/01/25 16:57:17 Status change for id  91
2022/01/25 16:57:17 Status change for id  92
2022/01/25 16:57:17 Status change for id  93
2022/01/25 16:57:17 Status change for id  94
2022/01/25 16:57:17 Status change for id  95
2022/01/25 16:57:17 Status change for id  96
2022/01/25 16:57:17 Status change for id  97
2022/01/25 16:57:17 Status change for id  98
2022/01/25 16:57:17 Status change for id  99
2022/01/25 16:57:17 Status change for id  100
2022/01/25 16:57:44 Starting application
2022/01/25 16:57:44 Status change for id  1
2022/01/25 16:57:44 Status change for id  2
2022/01/25 16:57:44 Status change for id  3
2022/01/25 16:57:44 Status change for id  4
2022/01/25 16:57:44 Status change for id  5
2022/01/25 16:57:44 Status change for id  6
2022/01/25 16:57:44 Status change for id  7
2022/01/25 16:57:44 Status change for id  8
2022/01/25 16:57:44 Status change for id  9
2022/01/25 16:57:44 Status change for id  10
2022/01/25 16:57:46 Status change for id  11
2022/01/25 16:57:46 Status change for id  12
2022/01/25 16:57:46 Status change for id  13
2022/01/25 16:57:46 Status change for id  14
2022/01/25 16:57:46 Status change for id  15
2022/01/25 16:57:46 Status change for id  16
2022/01/25 16:57:46 Status change for id  17
2022/01/25 16:57:46 Status change for id  18
2022/01/25 16:57:46 Status change for id  19
2022/01/25 16:57:46 Status change for id  20
2022/01/25 16:57:48 Status change for id  21
2022/01/25 16:57:48 Status change for id  22
2022/01/25 16:57:48 Status change for id  23
2022/01/25 16:57:48 Status change for id  24
2022/01/25 16:57:48 Status change for id  25
2022/01/25 16:57:48 Status change for id  26
2022/01/25 16:57:48 Status change for id  27
2022/01/25 16:57:48 Status change for id  28
2022/01/25 16:57:48 Status change for id  29
2022/01/25 16:57:48 Status change for id  30
2022/01/25 16:57:50 Status change for id  31
2022/01/25 16:57:50 Status change for id  32
2022/01/25 16:57:50 Status change for id  33
2022/01/25 16:57:50 Status change for id  34
2022/01/25 16:57:50 Status change for id  35
2022/01/25 16:57:50 Status change for id  36
2022/01/25 16:57:50 Status change for id  37
2022/01/25 16:57:50 Status change for id  38
2022/01/25 16:57:50 Status change for id  39
2022/01/25 16:57:50 Status change for id  40
2022/01/25 16:57:52 Status change for id  41
2022/01/25 16:57:52 Status change for id  42
2022/01/25 16:57:52 Status change for id  43
2022/01/25 16:57:53 Status change for id  44
2022/01/25 16:57:53 Status change for id  45
2022/01/25 16:57:53 Status change for id  46
2022/01/25 16:57:53 Status change for id  47
2022/01/25 16:57:53 Status change for id  48
2022/01/25 16:57:53 Status change for id  49
2022/01/25 16:57:53 Status change for id  50
2022/01/25 16:57:55 Status change for id  51
2022/01/25 16:57:55 Status change for id  52
2022/01/25 16:57:55 Status change for id  53
2022/01/25 16:57:55 Status change for id  54
2022/01/25 16:57:55 Status change for id  55
2022/01/25 16:57:55 Status change for id  56
2022/01/25 16:57:56 Status change for id  57
2022/01/25 16:57:56 Status change for id  58
2022/01/25 16:57:56 Status change for id  59
2022/01/25 16:57:56 Status change for id  60
2022/01/25 16:57:58 Status change for id  61
2022/01/25 16:57:58 Status change for id  62
2022/01/25 16:57:58 Status change for id  63
2022/01/25 16:57:58 Status change for id  64
2022/01/25 16:57:58 Status change for id  65
2022/01/25 16:57:58 Status change for id  66
2022/01/25 16:57:58 Status change for id  67
2022/01/25 16:57:58 Status change for id  68
2022/01/25 16:57:58 Status change for id  69
2022/01/25 16:57:58 Status change for id  70
2022/01/25 16:58:00 Status change for id  71
2022/01/25 16:58:00 Status change for id  72
2022/01/25 16:58:00 Status change for id  73
2022/01/25 16:58:00 Status change for id  74
2022/01/25 16:58:00 Status change for id  75
2022/01/25 16:58:00 Status change for id  76
2022/01/25 16:58:00 Status change for id  77
2022/01/25 16:58:00 Status change for id  78
2022/01/25 16:58:00 Status change for id  79
2022/01/25 16:58:00 Status change for id  80
2022/01/25 16:58:02 Status change for id  81
2022/01/25 16:58:02 Status change for id  82
2022/01/25 16:58:02 Status change for id  83
2022/01/25 16:58:02 Status change for id  84
2022/01/25 16:58:02 Status change for id  85
2022/01/25 16:58:02 Status change for id  86
2022/01/25 16:58:02 Status change for id  87
2022/01/25 16:58:02 Status change for id  88
2022/01/25 16:58:02 Status change for id  89
2022/01/25 16:58:02 Status change for id  90
2022/01/25 16:58:04 Status change for id  91
2022/01/25 16:58:04 Status change for id  92
2022/01/25 16:58:04 Status change for id  93
2022/01/25 16:58:04 Status change for id  94
2022/01/25 16:58:04 Status change for id  95
2022/01/25 16:58:04 Status change for id  96
2022/01/25 16:58:04 Status change for id  97
2022/01/25 16:58:04 Status change for id  98
2022/01/25 16:58:04 Status change for id  99
2022/01/25 16:58:04 Status change for id  100
2022/01/25 16:58:27 Starting application
2022/01/25 16:58:27 Status change for id  1
2022/01/25 16:58:27 Status change for id  2
2022/01/25 16:58:27 Status change for id  3
2022/01/25 16:58:27 Status change for id  4
2022/01/25 16:58:27 Status change for id  5
2022/01/25 16:58:27 Status change for id  6
2022/01/25 16:58:27 Status change for id  7
2022/01/25 16:58:27 Status change for id  8
2022/01/25 16:58:27 Status change for id  9
2022/01/25 16:58:27 Status change for id  10
2022/01/25 16:58:27 Status change for id  11
2022/01/25 16:58:27 Status change for id  12
2022/01/25 16:58:27 Status change for id  13
2022/01/25 16:58:27 Status change for id  14
2022/01/25 16:58:27 Status change for id  15
2022/01/25 16:58:27 Status change for id  16
2022/01/25 16:58:27 Status change for id  17
2022/01/25 16:58:27 Status change for id  18
2022/01/25 16:58:27 Status change for id  19
2022/01/25 16:58:27 Status change for id  20
2022/01/25 16:58:27 Status change for id  21
2022/01/25 16:58:27 Status change for id  22
2022/01/25 16:58:27 Status change for id  23
2022/01/25 16:58:27 Status change for id  24
2022/01/25 16:58:27 Status change for id  25
2022/01/25 16:58:27 Status change for id  26
2022/01/25 16:58:27 Status change for id  27
2022/01/25 16:58:27 Status change for id  28
2022/01/25 16:58:27 Status change for id  29
2022/01/25 16:58:27 Status change for id  30
2022/01/25 16:58:27 Status change for id  31
2022/01/25 16:58:27 Status change for id  32
2022/01/25 16:58:27 Status change for id  33
2022/01/25 16:58:27 Status change for id  34
2022/01/25 16:58:27 Status change for id  35
2022/01/25 16:58:27 Status change for id  36
2022/01/25 16:58:27 Status change for id  37
2022/01/25 16:58:27 Status change for id  38
2022/01/25 16:58:27 Status change for id  39
2022/01/25 16:58:27 Status change for id  40
2022/01/25 16:58:27 Status change for id  41
2022/01/25 16:58:27 Status change for id  42
2022/01/25 16:58:27 Status change for id  43
2022/01/25 16:58:27 Status change for id  44
2022/01/25 16:58:27 Status change for id  45
2022/01/25 16:58:27 Status change for id  46
2022/01/25 16:58:27 Status change for id  47
2022/01/25 16:58:27 Status change for id  48
2022/01/25 16:58:27 Status change for id  49
2022/01/25 16:58:27 Status change for id  50
2022/01/25 16:58:27 Status change for id  51
2022/01/25 16:58:27 Status change for id  52
2022/01/25 16:58:27 Status change for id  53
2022/01/25 16:58:27 Status change for id  54
2022/01/25 16:58:27 Status change for id  55
2022/01/25 16:58:27 Status change for id  56
2022/01/25 16:58:27 Status change for id  57
2022/01/25 16:58:27 Status change for id  58
2022/01/25 16:58:27 Status change for id  59
2022/01/25 16:58:27 Status change for id  60
2022/01/25 16:58:27 Status change for id  61
2022/01/25 16:58:27 Status change for id  62
2022/01/25 16:58:27 Status change for id  63
2022/01/25 16:58:27 Status change for id  64
2022/01/25 16:58:28 Status change for id  65
2022/01/25 16:58:28 Status change for id  66
2022/01/25 16:58:28 Status change for id  67
2022/01/25 16:58:28 Status change for id  68
2022/01/25 16:58:28 Status change for id  69
2022/01/25 16:58:28 Status change for id  70
2022/01/25 16:58:28 Status change for id  71
2022/01/25 16:58:28 Status change for id  72
2022/01/25 16:58:28 Status change for id  73
2022/01/25 16:58:28 Status change for id  74
2022/01/25 16:58:28 Status change for id  75
2022/01/25 16:58:28 Status change for id  76
2022/01/25 16:58:28 Status change for id  77
2022/01/25 16:58:28 Status change for id  78
2022/01/25 16:58:28 Status change for id  79
2022/01/25 16:58:28 Status change for id  80
2022/01/25 16:58:28 Status change for id  81
2022/01/25 16:58:28 Status change for id  82
2022/01/25 16:58:28 Status change for id  83
2022/01/25 16:58:28 Status change for id  84
2022/01/25 16:58:28 Status change for id  85
2022/01/25 16:58:28 Status change for id  86
2022/01/25 16:58:28 Status change for id  87
2022/01/25 16:58:28 Status change for id  88
2022/01/25 16:58:28 Status change for id  89
2022/01/25 16:58:28 Status change for id  90
2022/01/25 16:58:28 Status change for id  91
2022/01/25 16:58:28 Status change for id  92
2022/01/25 16:58:28 Status change for id  93
2022/01/25 16:58:28 Status change for id  94
2022/01/25 16:58:28 Status change for id  95
2022/01/25 16:58:28 Status change for id  96
2022/01/25 16:58:28 Status change for id  97
2022/01/25 16:58:28 Status change for id  98
2022/01/25 16:58:28 Status change for id  99
2022/01/25 16:58:28 Status change for id  100
2022/01/25 17:07:52 Starting application
2022/01/25 17:11:10 Starting application
2022/01/25 17:11:11 Status change for id  101
2022/01/25 17:11:11 Status change for id  102
2022/01/25 17:11:11 Status change for id  103
2022/01/25 17:11:11 Status change for id  104
2022/01/25 17:11:11 Status change for id  105
2022/01/25 17:11:11 Status change for id  106
2022/01/25 17:11:11 Status change for id  107
2022/01/25 17:11:11 Status change for id  108
2022/01/25 17:11:11 Status change for id  109
2022/01/25 17:11:11 Status change for id  110
2022/01/25 17:11:11 Status change for id  111
2022/01/25 17:11:11 Status change for id  112
2022/01/25 17:11:11 Status change for id  113
2022/01/25 17:11:11 Status change for id  114
2022/01/25 17:11:11 Status change for id  115
2022/01/25 17:11:11 Status change for id  116
2022/01/25 17:11:11 Status change for id  117
2022/01/25 17:11:11 Status change for id  118
2022/01/25 17:11:11 Status change for id  119
2022/01/25 17:11:11 Status change for id  120
2022/01/25 17:11:11 Status change for id  121
2022/01/25 17:11:11 Status change for id  122
2022/01/25 17:11:11 Status change for id  123
2022/01/25 17:11:11 Status change for id  124
2022/01/25 17:11:11 Status change for id  125
2022/01/25 17:11:11 Status change for id  126
2022/01/25 17:11:11 Status change for id  127
2022/01/25 17:11:11 Status change for id  128
2022/01/25 17:11:11 Status change for id  129
2022/01/25 17:11:11 Status change for id  130
2022/01/25 17:11:11 Status change for id  131
2022/01/25 17:11:11 Status change for id  132
2022/01/25 17:11:11 Status change for id  133
2022/01/25 17:11:11 Status change for id  134
2022/01/25 17:11:11 Status change for id  135
2022/01/25 17:11:11 Status change for id  136
2022/01/25 17:11:11 Status change for id  137
2022/01/25 17:11:11 Status change for id  138
2022/01/25 17:11:11 Status change for id  139
2022/01/25 17:11:11 Status change for id  140
2022/01/25 17:11:11 Status change for id  141
2022/01/25 17:11:11 Status change for id  142
2022/01/25 17:11:11 Status change for id  143
2022/01/25 17:11:11 Status change for id  144
2022/01/25 17:11:11 Status change for id  145
2022/01/25 17:11:11 Status change for id  146
2022/01/25 17:11:11 Status change for id  147
2022/01/25 17:11:11 Status change for id  148
2022/01/25 17:11:11 Status change for id  149
2022/01/25 17:11:11 Status change for id  150
2022/01/25 17:11:11 Status change for id  151
2022/01/25 17:11:11 Status change for id  152
2022/01/25 17:11:11 Status change for id  153
2022/01/25 17:11:11 Status change for id  154
2022/01/25 17:11:11 Status change for id  155
2022/01/25 17:11:11 Status change for id  156
2022/01/25 17:11:11 Status change for id  157
2022/01/25 17:11:11 Status change for id  158
2022/01/25 17:11:11 Status change for id  159
2022/01/25 17:11:11 Status change for id  160
2022/01/25 17:11:11 Status change for id  161
2022/01/25 17:11:11 Status change for id  162
2022/01/25 17:11:11 Status change for id  163
2022/01/25 17:11:11 Status change for id  164
2022/01/25 17:11:11 Status change for id  165
2022/01/25 17:11:11 Status change for id  166
2022/01/25 17:11:11 Status change for id  167
2022/01/25 17:11:11 Status change for id  168
2022/01/25 17:11:11 Status change for id  169
2022/01/25 17:11:11 Status change for id  170
2022/01/25 17:11:11 Status change for id  171
2022/01/25 17:11:11 Status change for id  172
2022/01/25 17:11:11 Status change for id  173
2022/01/25 17:11:11 Status change for id  174
2022/01/25 17:11:11 Status change for id  175
2022/01/25 17:11:11 Status change for id  176
2022/01/25 17:11:11 Status change for id  177
2022/01/25 17:11:11 Status change for id  178
2022/01/25 17:11:11 Status change for id  179
2022/01/25 17:11:11 Status change for id  180
2022/01/25 17:11:11 Status change for id  181
2022/01/25 17:11:11 Status change for id  182
2022/01/25 17:11:11 Status change for id  183
2022/01/25 17:11:11 Status change for id  184
2022/01/25 17:11:11 Status change for id  185
2022/01/25 17:11:11 Status change for id  186
2022/01/25 17:11:11 Status change for id  187
2022/01/25 17:11:11 Status change for id  188
2022/01/25 17:11:11 Status change for id  189
2022/01/25 17:11:11 Status change for id  190
2022/01/25 17:11:11 Status change for id  191
2022/01/25 17:11:11 Status change for id  192
2022/01/25 17:11:11 Status change for id  193
2022/01/25 17:11:11 Status change for id  194
2022/01/25 17:11:11 Status change for id  195
2022/01/25 17:11:11 Status change for id  196
2022/01/25 17:11:11 Status change for id  197
2022/01/25 17:11:11 Status change for id  198
2022/01/25 17:11:11 Status change for id  199
2022/01/25 17:11:11 Status change for id  200
2022/01/25 17:11:11 Status change for id  201
2022/01/25 17:11:11 Status change for id  202
2022/01/25 17:11:11 Status change for id  203
2022/01/25 17:11:11 Status change for id  204
2022/01/25 17:11:11 Status change for id  205
2022/01/25 17:11:11 Status change for id  206
2022/01/25 17:11:11 Status change for id  207
2022/01/25 17:11:11 Status change for id  208
2022/01/25 17:11:11 Status change for id  209
2022/01/25 17:11:11 Status change for id  210
2022/01/25 17:11:11 Status change for id  211
2022/01/25 17:11:11 Status change for id  212
2022/01/25 17:11:11 Status change for id  213
2022/01/25 17:11:11 Status change for id  214
2022/01/25 17:11:11 Status change for id  215
2022/01/25 17:11:11 Status change for id  216
2022/01/25 17:11:11 Status change for id  217
2022/01/25 17:11:11 Status change for id  218
2022/01/25 17:11:11 Status change for id  219
2022/01/25 17:11:11 Status change for id  220
2022/01/25 17:11:11 Status change for id  221
2022/01/25 17:11:11 Status change for id  222
2022/01/25 17:11:11 Status change for id  223
2022/01/25 17:11:11 Status change for id  224
2022/01/25 17:11:11 Status change for id  225
2022/01/25 17:11:11 Status change for id  226
2022/01/25 17:11:11 Status change for id  227
2022/01/25 17:11:11 Status change for id  228
2022/01/25 17:11:11 Status change for id  229
2022/01/25 17:11:11 Status change for id  230
2022/01/25 17:11:11 Status change for id  231
2022/01/25 17:11:11 Status change for id  232
2022/01/25 17:11:11 Status change for id  233
2022/01/25 17:11:11 Status change for id  234
2022/01/25 17:11:11 Status change for id  235
2022/01/25 17:11:11 Status change for id  236
2022/01/25 17:11:11 Status change for id  237
2022/01/25 17:11:11 Status change for id  238
2022/01/25 17:11:11 Status change for id  239
2022/01/25 17:11:11 Status change for id  240
2022/01/25 17:11:11 Status change for id  241
2022/01/25 17:11:11 Status change for id  242
2022/01/25 17:11:11 Status change for id  243
2022/01/25 17:11:11 Status change for id  244
2022/01/25 17:11:11 Status change for id  245
2022/01/25 17:11:11 Status change for id  246
2022/01/25 17:11:11 Status change for id  247
2022/01/25 17:11:11 Status change for id  248
2022/01/25 17:11:11 Status change for id  249
2022/01/25 17:11:11 Status change for id  250
2022/01/25 17:11:11 Status change for id  251
2022/01/25 17:11:11 Status change for id  252
2022/01/25 17:11:11 Status change for id  253
2022/01/25 17:11:11 Status change for id  254
2022/01/25 17:11:11 Status change for id  255
2022/01/25 17:11:11 Status change for id  256
2022/01/25 17:11:11 Status change for id  257
2022/01/25 17:11:11 Status change for id  258
2022/01/25 17:11:11 Status change for id  259
2022/01/25 17:11:11 Status change for id  260
2022/01/25 17:11:11 Status change for id  261
2022/01/25 17:11:11 Status change for id  262
2022/01/25 17:11:11 Status change for id  263
2022/01/25 17:11:11 Status change for id  264
2022/01/25 17:11:11 Status change for id  265
2022/01/25 17:11:11 Status change for id  266
2022/01/25 17:11:11 Status change for id  267
2022/01/25 17:11:11 Status change for id  268
2022/01/25 17:11:11 Status change for id  269
2022/01/25 17:11:11 Status change for id  270
2022/01/25 17:11:11 Status change for id  271
2022/01/25 17:11:11 Status change for id  272
2022/01/25 17:11:11 Status change for id  273
2022/01/25 17:11:11 Status change for id  274
2022/01/25 17:11:11 Status change for id  275
2022/01/25 17:11:11 Status change for id  276
2022/01/25 17:11:11 Status change for id  277
2022/01/25 17:11:11 Status change for id  278
2022/01/25 17:11:11 Status change for id  279
2022/01/25 17:11:11 Status change for id  280
2022/01/25 17:11:11 Status change for id  281
2022/01/25 17:11:11 Status change for id  282
2022/01/25 17:11:11 Status change for id  283
2022/01/25 17:11:11 Status change for id  284
2022/01/25 17:11:11 Status change for id  285
2022/01/25 17:11:11 Status change for id  286
2022/01/25 17:11:11 Status change for id  287
2022/01/25 17:11:11 Status change for id  288
2022/01/25 17:11:11 Status change for id  289
2022/01/25 17:11:11 Status change for id  290
2022/01/25 17:11:11 Status change for id  291
2022/01/25 17:11:11 Status change for id  292
2022/01/25 17:11:11 Status change for id  293
2022/01/25 17:11:11 Status change for id  294
2022/01/25 17:11:11 Status change for id  295
2022/01/25 17:11:11 Status change for id  296
2022/01/25 17:11:11 Status change for id  297
2022/01/25 17:11:11 Status change for id  298
2022/01/25 17:11:11 Status change for id  299
2022/01/25 17:11:11 Status change for id  300
2022/01/25 17:12:09 Starting application
2022/01/25 17:12:09 Status change for id  301
2022/01/25 17:12:09 Status change for id  302
2022/01/25 17:12:09 Status change for id  303
2022/01/25 17:12:09 Status change for id  304
2022/01/25 17:12:09 Status change for id  305
2022/01/25 17:12:09 Status change for id  306
2022/01/25 17:12:09 Status change for id  307
2022/01/25 17:12:09 Status change for id  308
2022/01/25 17:12:09 Status change for id  309
2022/01/25 17:12:09 Status change for id  310
2022/01/25 17:12:09 Status change for id  311
2022/01/25 17:12:09 Status change for id  312
2022/01/25 17:12:09 Status change for id  313
2022/01/25 17:12:09 Status change for id  314
2022/01/25 17:12:09 Status change for id  315
2022/01/25 17:12:09 Status change for id  316
2022/01/25 17:12:09 Status change for id  317
2022/01/25 17:12:09 Status change for id  318
2022/01/25 17:12:09 Status change for id  319
2022/01/25 17:12:09 Status change for id  320
2022/01/25 17:12:09 Status change for id  321
2022/01/25 17:12:09 Status change for id  322
2022/01/25 17:12:09 Status change for id  323
2022/01/25 17:12:09 Status change for id  324
2022/01/25 17:12:09 Status change for id  325
2022/01/25 17:12:09 Status change for id  326
2022/01/25 17:12:09 Status change for id  327
2022/01/25 17:12:09 Status change for id  328
2022/01/25 17:12:09 Status change for id  329
2022/01/25 17:12:09 Status change for id  330
2022/01/25 17:12:09 Status change for id  331
2022/01/25 17:12:09 Status change for id  332
2022/01/25 17:12:09 Status change for id  333
2022/01/25 17:12:09 Status change for id  334
2022/01/25 17:12:09 Status change for id  335
2022/01/25 17:12:09 Status change for id  336
2022/01/25 17:12:09 Status change for id  337
2022/01/25 17:12:09 Status change for id  338
2022/01/25 17:12:09 Status change for id  339
2022/01/25 17:12:09 Status change for id  340
2022/01/25 17:12:09 Status change for id  341
2022/01/25 17:12:09 Status change for id  342
2022/01/25 17:12:09 Status change for id  343
2022/01/25 17:12:09 Status change for id  344
2022/01/25 17:12:09 Status change for id  345
2022/01/25 17:12:09 Status change for id  346
2022/01/25 17:12:09 Status change for id  347
2022/01/25 17:12:09 Status change for id  348
2022/01/25 17:12:09 Status change for id  349
2022/01/25 17:12:09 Status change for id  350
2022/01/25 17:12:09 Status change for id  351
2022/01/25 17:12:09 Status change for id  352
2022/01/25 17:12:09 Status change for id  353
2022/01/25 17:12:09 Status change for id  354
2022/01/25 17:12:09 Status change for id  355
2022/01/25 17:12:09 Status change for id  356
2022/01/25 17:12:09 Status change for id  357
2022/01/25 17:12:09 Status change for id  358
2022/01/25 17:12:09 Status change for id  359
2022/01/25 17:12:09 Status change for id  360
2022/01/25 17:12:09 Status change for id  361
2022/01/25 17:12:09 Status change for id  362
2022/01/25 17:12:09 Status change for id  363
2022/01/25 17:12:09 Status change for id  364
2022/01/25 17:12:09 Status change for id  365
2022/01/25 17:12:09 Status change for id  366
2022/01/25 17:12:09 Status change for id  367
2022/01/25 17:12:09 Status change for id  368
2022/01/25 17:12:09 Status change for id  369
2022/01/25 17:12:09 Status change for id  370
2022/01/25 17:12:09 Status change for id  371
2022/01/25 17:12:09 Status change for id  372
2022/01/25 17:12:09 Status change for id  373
2022/01/25 17:12:09 Status change for id  374
2022/01/25 17:12:09 Status change for id  375
2022/01/25 17:12:09 Status change for id  376
2022/01/25 17:12:09 Status change for id  377
2022/01/25 17:12:09 Status change for id  378
2022/01/25 17:12:09 Status change for id  379
2022/01/25 17:12:09 Status change for id  380
2022/01/25 17:12:09 Status change for id  381
2022/01/25 17:12:09 Status change for id  382
2022/01/25 17:12:09 Status change for id  383
2022/01/25 17:12:09 Status change for id  384
2022/01/25 17:12:09 Status change for id  385
2022/01/25 17:12:09 Status change for id  386
2022/01/25 17:12:09 Status change for id  387
2022/01/25 17:12:09 Status change for id  388
2022/01/25 17:12:09 Status change for id  389
2022/01/25 17:12:09 Status change for id  390
2022/01/25 17:12:09 Status change for id  391
2022/01/25 17:12:09 Status change for id  392
2022/01/25 17:12:09 Status change for id  393
2022/01/25 17:12:09 Status change for id  394
2022/01/25 17:12:09 Status change for id  395
2022/01/25 17:12:09 Status change for id  396
2022/01/25 17:12:09 Status change for id  397
2022/01/25 17:12:09 Status change for id  398
2022/01/25 17:12:09 Status change for id  399
2022/01/25 17:12:09 Status change for id  400
2022/01/25 17:23:14 Starting application
2022/01/25 17:36:25 Starting application
2022/01/25 17:38:41 Starting application
2022/01/25 17:38:51 Status change for id  1
2022/01/25 17:39:32 Starting application
2022/01/25 17:39:38 Status change for id  2
2022/01/25 17:41:33 Starting application
2022/01/25 17:42:13 Starting application
2022/01/25 17:42:19 Status change for id  5
2022/01/25 17:44:05 Starting application
2022/01/25 17:45:59 Starting application
2022/01/25 17:46:35 Status change for id  2
2022/01/25 17:47:03 Status change for id  3
2022/01/25 17:48:30 Starting application
2022/01/25 17:49:07 Status change for id  4
2022/01/25 17:49:17 Status change for id  5
2022/01/25 17:49:17 Status change for id  6
2022/01/25 17:49:17 Status change for id  7
2022/01/25 17:49:17 Status change for id  8
2022/01/25 17:49:17 Status change for id  9
2022/01/25 17:49:17 Status change for id  10
2022/01/25 17:49:17 Status change for id  11
2022/01/25 17:49:17 Status change for id  12
2022/01/25 17:49:17 Status change for id  13
2022/01/25 17:49:17 Status change for id  14
2022/01/25 17:49:17 Status change for id  15
2022/01/25 17:49:19 Status change for id  16
2022/01/25 17:49:19 Status change for id  17
2022/01/25 17:49:19 Status change for id  18
2022/01/25 17:49:19 Status change for id  19
2022/01/25 17:49:19 Status change for id  20
2022/01/25 17:49:19 Status change for id  21
2022/01/25 17:49:19 Status change for id  22
2022/01/25 17:49:19 Status change for id  23
2022/01/25 17:49:19 Status change for id  24
2022/01/25 17:49:19 Status change for id  25
2022/01/25 17:49:19 Status change for id  26
2022/01/25 17:49:21 Status change for id  27
2022/01/25 17:49:21 Status change for id  28
2022/01/25 17:49:21 Status change for id  29
2022/01/25 17:49:21 Status change for id  30
2022/01/25 17:49:21 Status change for id  31
2022/01/25 17:49:21 Status change for id  32
2022/01/25 17:49:21 Status change for id  33
2022/01/25 17:49:21 Status change for id  34
2022/01/25 17:49:21 Status change for id  35
2022/01/25 17:49:21 Status change for id  36
2022/01/25 17:49:21 Status change for id  37
2022/01/25 17:49:23 Status change for id  38
2022/01/25 17:49:23 Status change for id  39
2022/01/25 17:49:23 Status change for id  40
2022/01/25 17:50:42 Starting application
2022/01/25 17:50:42 Error on ping the database Error 1049: Unknown database 'go_emassil'
